Jun 28, 2021 10:58:08 PM Manager menu
INFO: logged in successfully
Jun 28, 2021 10:58:09 PM Manager menu
INFO: Start Game
Jun 28, 2021 10:58:18 PM Manager buildFactory
INFO: Sewing was built
Jun 28, 2021 10:58:24 PM Manager randomCoordinate
INFO: Random coordinates were generated :55
Jun 28, 2021 10:58:24 PM Manager addTurkey
INFO: new turkey 55 3
Jun 28, 2021 10:58:26 PM Manager plant
INFO: plant 45
Jun 28, 2021 10:58:28 PM Manager plant
INFO: plant 52
Jun 28, 2021 10:58:30 PM Manager plant
INFO: plant 44
Jun 28, 2021 10:58:30 PM Manager addFeather
INFO: Feather was produced 536
Jun 28, 2021 10:58:31 PM Manager pickUp
INFO: pickup and add to warehouse feather
Jun 28, 2021 10:58:32 PM Manager workFactory
INFO: A feather was removed from the warehouse
Jun 28, 2021 10:58:32 PM Manager grassToBeEaten
INFO: turkey eat 52
Jun 28, 2021 10:58:35 PM Manager plant
INFO: plant 23
Jun 28, 2021 10:58:36 PM Manager plant
INFO: plant 34
Jun 28, 2021 10:58:36 PM Manager addFeather
INFO: Feather was produced 5310
Jun 28, 2021 10:58:37 PM Manager workFactory
WARNING: Packaging Milk is not built
Jun 28, 2021 10:58:37 PM Manager addCloth
INFO: Cloth was produced 6111
Jun 28, 2021 10:58:39 PM Manager pickUp
INFO: pickup and add to warehouse cloth
Jun 28, 2021 10:58:40 PM Manager pickUp
INFO: pickup and add to warehouse feather
Jun 28, 2021 10:58:43 PM Manager addFeather
INFO: Feather was produced 4414
Jun 28, 2021 10:58:45 PM Manager grassToBeEaten
INFO: turkey eat 44
Jun 28, 2021 10:58:51 PM Manager productTimeHandle
INFO: feather removed
Jun 28, 2021 10:58:51 PM Manager addFeather
INFO: Feather was produced 6418
Jun 28, 2021 10:58:51 PM Manager well
INFO: The well was full
Jun 28, 2021 10:58:52 PM Manager plant
INFO: plant 32
Jun 28, 2021 10:58:53 PM Manager plant
INFO: plant 43
Jun 28, 2021 10:58:54 PM Manager pickUp
INFO: pickup and add to warehouse feather
Jun 28, 2021 10:59:00 PM Manager truckLoad
INFO: add to truck turkey
Jun 28, 2021 10:59:03 PM Manager truckLoad
INFO: add to truck feather
Jun 28, 2021 10:59:04 PM Manager truckLoad
INFO: add to truck feather
Jun 28, 2021 10:59:05 PM Manager truckLoad
INFO: add to truck cloth
Jun 28, 2021 10:59:33 PM Manager workFactory
WARNING: Packaging Milk is not built
Jun 28, 2021 10:59:33 PM Manager workFactory
WARNING: Packaging Milk is not built
Jun 28, 2021 10:59:34 PM Manager workFactory
WARNING: Packaging Milk is not built
Jun 28, 2021 10:59:34 PM Manager workFactory
WARNING: Packaging Milk is not built
Jun 28, 2021 10:59:34 PM Manager workFactory
WARNING: Packaging Milk is not built
Jun 28, 2021 10:59:35 PM Manager workFactory
WARNING: Packaging Milk is not built
Jun 28, 2021 10:59:35 PM Manager workFactory
WARNING: Packaging Milk is not built
Jun 28, 2021 10:59:36 PM Manager workFactory
WARNING: Packaging Milk is not built
Jun 28, 2021 10:59:36 PM Manager workFactory
WARNING: Packaging Milk is not built
Jun 28, 2021 10:59:36 PM Manager workFactory
WARNING: Packaging Milk is not built
Jun 28, 2021 10:59:36 PM Manager truckGo
INFO: The truck arrived
Jun 28, 2021 10:59:36 PM Manager workFactory
WARNING: Packaging Milk is not built
